<?xml version="1.0" encoding="UTF-8"?>
<!-- Generated by org.testng.reporters.JUnitReportReporter -->
<testsuite hostname="Grotleuser" failures="0" tests="2" name="com.juaracoding.psikotes.mobile.TestPsikotes" time="28.589" errors="0" timestamp="2022-01-24T13:18:44 ICT" skipped="0">
  <testcase classname="com.juaracoding.psikotes.mobile.TestPsikotes" name="signInPage" time="13.370"/>
  <system-out/>
  <testcase classname="com.juaracoding.psikotes.mobile.TestPsikotes" name="testPage" time="15.219"/>
  <system-out/>
</testsuite> <!-- com.juaracoding.psikotes.mobile.TestPsikotes -->
