<?xml version="1.0" encoding="UTF-8"?>
<!-- Generated by org.testng.reporters.JUnitReportReporter -->
<testsuite hostname="Grotleuser" failures="0" tests="2" name="com.juaracoding.psikotes.mobile.TestPsikotes" time="24.965" errors="0" timestamp="2022-01-19T08:26:15 ICT" skipped="0">
  <testcase classname="com.juaracoding.psikotes.mobile.TestPsikotes" name="HomePage" time="12.819"/>
  <system-out/>
  <testcase classname="com.juaracoding.psikotes.mobile.TestPsikotes" name="daftarPage" time="12.146"/>
  <system-out/>
</testsuite> <!-- com.juaracoding.psikotes.mobile.TestPsikotes -->
