<?xml version="1.0" encoding="UTF-8"?>
<!-- Generated by org.testng.reporters.JUnitReportReporter -->
<testsuite hostname="Grotleuser" failures="0" tests="3" name="com.juaracoding.psikotes.mobile.TestPsikotes" time="46.299" errors="0" timestamp="2022-01-19T17:32:33 ICT" skipped="0">
  <testcase classname="com.juaracoding.psikotes.mobile.TestPsikotes" name="daftarPage" time="22.728"/>
  <system-out/>
  <testcase classname="com.juaracoding.psikotes.mobile.TestPsikotes" name="testPage" time="10.577"/>
  <system-out/>
  <testcase classname="com.juaracoding.psikotes.mobile.TestPsikotes" name="HomePage" time="12.994"/>
  <system-out/>
</testsuite> <!-- com.juaracoding.psikotes.mobile.TestPsikotes -->
